APP/app (1)/build (1)/intermediates (1)/manifest_merge_blame_file (1)/debug (1)/manifest-merger-blame-debug-report (1).txt
1<?xml version="1.0" encoding="utf-8"?>
2<manifest xmlns:android="http://schemas.android.com/apk/res/android"
3    package="com.example.letemglide"
4    android:versionCode="1"
5    android:versionName="1.0" >
6
7    <uses-sdk
8        android:minSdkVersion="16"
8-->src\main\AndroidManifest.xml
9        android:targetSdkVersion="30" />
9-->src\main\AndroidManifest.xml
10
11    <!-- Although the *SdkVersion is captured in gradle build files, this is required for non gradle builds -->
12    <!-- <uses-sdk android:minSdkVersion="14"/> -->
13    <uses-permission android:name="android.permission.ACCESS_NETWORK_STATE" />
13-->[com.google.firebase:firebase-database:19.2.1] AndroidManifest.xml:25:5-79
13-->[com.google.firebase:firebase-database:19.2.1] AndroidManifest.xml:25:22-76
14    <uses-permission android:name="android.permission.INTERNET" />
14-->[com.google.firebase:firebase-database:19.2.1] AndroidManifest.xml:26:5-67
14-->[com.google.firebase:firebase-database:19.2.1] AndroidManifest.xml:26:22-64
15
16    <application
16-->src\main\AndroidManifest.xml:5:5-30:19
17        android:allowBackup="true"
17-->src\main\AndroidManifest.xml:6:9-35
18        android:appComponentFactory="androidx.core.app.CoreComponentFactory"
18-->[androidx.core:core:1.3.1] AndroidManifest.xml:24:18-86
19        android:debuggable="true"
20        android:icon="@mipmap/ic_launcher"
20-->src\main\AndroidManifest.xml:7:9-43
21        android:label="@string/app_name"
21-->src\main\AndroidManifest.xml:8:9-41
22        android:roundIcon="@mipmap/ic_launcher_round"
22-->src\main\AndroidManifest.xml:9:9-54
23        android:supportsRtl="true"
23-->src\main\AndroidManifest.xml:10:9-35
24        android:testOnly="true"
25        android:theme="@style/Theme.LETemGLIDE" >
25-->src\main\AndroidManifest.xml:11:9-48
26        <activity android:name="com.example.letemglide.videohome" />
26-->src\main\AndroidManifest.xml:12:9-56
26-->src\main\AndroidManifest.xml:12:19-44
27        <activity android:name="com.example.letemglide.formh" />
27-->src\main\AndroidManifest.xml:13:9-43
27-->src\main\AndroidManifest.xml:13:19-40
28        <activity android:name="com.example.letemglide.Registerdance" />
28-->src\main\AndroidManifest.xml:14:9-51
28-->src\main\AndroidManifest.xml:14:19-48
29        <activity
29-->src\main\AndroidManifest.xml:15:9-24:20
30            android:name="com.example.letemglide.MainActivity"
30-->src\main\AndroidManifest.xml:16:13-41
31            android:label="@string/app_name"
31-->src\main\AndroidManifest.xml:17:13-45
32            android:theme="@style/Theme.LETemGLIDE.NoActionBar" >
32-->src\main\AndroidManifest.xml:18:13-64
33            <intent-filter>
33-->src\main\AndroidManifest.xml:19:13-23:29
34                <action android:name="android.intent.action.MAIN" />
34-->src\main\AndroidManifest.xml:20:17-69
34-->src\main\AndroidManifest.xml:20:25-66
35
36                <category android:name="android.intent.category.LAUNCHER" />
36-->src\main\AndroidManifest.xml:22:17-77
36-->src\main\AndroidManifest.xml:22:27-74
37            </intent-filter>
38        </activity>
39        <activity android:name="com.example.letemglide.ui.gallery.GalleryFragment" />
39-->src\main\AndroidManifest.xml:25:9-64
39-->src\main\AndroidManifest.xml:25:19-61
40
41        <meta-data
41-->src\main\AndroidManifest.xml:27:9-29:57
42            android:name="preloaded_fonts"
42-->src\main\AndroidManifest.xml:28:13-43
43            android:resource="@array/preloaded_fonts" />
43-->src\main\AndroidManifest.xml:29:13-54
44
45        <service
45-->[com.google.firebase:firebase-database:19.2.1] AndroidManifest.xml:29:9-35:19
46            android:name="com.google.firebase.components.ComponentDiscoveryService"
46-->[com.google.firebase:firebase-database:19.2.1] AndroidManifest.xml:30:13-84
47            android:directBootAware="true"
47-->[com.google.firebase:firebase-common:19.3.0] AndroidManifest.xml:34:13-43
48            android:exported="false" >
48-->[com.google.firebase:firebase-database:19.2.1] AndroidManifest.xml:31:13-37
49            <meta-data
49-->[com.google.firebase:firebase-database:19.2.1] AndroidManifest.xml:32:13-34:85
50                android:name="com.google.firebase.components:com.google.firebase.database.DatabaseRegistrar"
50-->[com.google.firebase:firebase-database:19.2.1] AndroidManifest.xml:33:17-109
51                android:value="com.google.firebase.components.ComponentRegistrar" />
51-->[com.google.firebase:firebase-database:19.2.1] AndroidManifest.xml:34:17-82
52        </service>
53
54        <activity
54-->[com.google.android.gms:play-services-base:17.0.0] AndroidManifest.xml:23:9-26:75
55            android:name="com.google.android.gms.common.api.GoogleApiActivity"
55-->[com.google.android.gms:play-services-base:17.0.0] AndroidManifest.xml:24:13-79
56            android:exported="false"
56-->[com.google.android.gms:play-services-base:17.0.0] AndroidManifest.xml:25:13-37
57            android:theme="@android:style/Theme.Translucent.NoTitleBar" />
57-->[com.google.android.gms:play-services-base:17.0.0] AndroidManifest.xml:26:13-72
58
59        <provider
59-->[com.google.firebase:firebase-common:19.3.0] AndroidManifest.xml:26:9-30:39
60            android:name="com.google.firebase.provider.FirebaseInitProvider"
60-->[com.google.firebase:firebase-common:19.3.0] AndroidManifest.xml:27:13-77
61            android:authorities="com.example.letemglide.firebaseinitprovider"
61-->[com.google.firebase:firebase-common:19.3.0] AndroidManifest.xml:28:13-72
62            android:exported="false"
62-->[com.google.firebase:firebase-common:19.3.0] AndroidManifest.xml:29:13-37
63            android:initOrder="100" />
63-->[com.google.firebase:firebase-common:19.3.0] AndroidManifest.xml:30:13-36
64
65        <meta-data
65-->[com.google.android.gms:play-services-basement:17.0.0] AndroidManifest.xml:23:9-25:69
66            android:name="com.google.android.gms.version"
66-->[com.google.android.gms:play-services-basement:17.0.0] AndroidManifest.xml:24:13-58
67            android:value="@integer/google_play_services_version" />
67-->[com.google.android.gms:play-services-basement:17.0.0] AndroidManifest.xml:25:13-66
68    </application>
69
70</manifest>